<?xml version="1.0" encoding="UTF-8"?>
<!-- Generated by org.testng.reporters.JUnitReportReporter -->
<testsuite hostname="DESKTOP-64CG2QQ" failures="0" tests="1" name="com.inetbanking.testCases.TC_AddCustomerTest_003" time="18.567" errors="0" timestamp="2023-08-01T13:14:19 CDT" skipped="0">
  <testcase classname="com.inetbanking.testCases.TC_AddCustomerTest_003" name="AddNewCustomer" time="18.567"/>
</testsuite> <!-- com.inetbanking.testCases.TC_AddCustomerTest_003 -->
