<?xml version="1.0" encoding="UTF-8"?>
<!-- Generated by org.testng.reporters.JUnitReportReporter -->
<testsuite hostname="DESKTOP-64CG2QQ" failures="0" tests="1" name="com.inetbanking.testCases.TC_CustomizedStatement_005" time="14.967" errors="0" timestamp="2023-08-02T22:36:01 CDT" skipped="0">
  <testcase classname="com.inetbanking.testCases.TC_CustomizedStatement_005" name="CustomizedStatement" time="14.967"/>
</testsuite> <!-- com.inetbanking.testCases.TC_CustomizedStatement_005 -->
