<?xml version="1.0" encoding="UTF-8"?>
<!-- Generated by org.testng.reporters.JUnitReportReporter -->
<testsuite hostname="DESKTOP-64CG2QQ" failures="0" tests="1" name="com.inetbanking.testCases.TC_EditCustomer_004" time="19.194" errors="0" timestamp="2023-08-04T01:21:36 CDT" skipped="0">
  <testcase classname="com.inetbanking.testCases.TC_EditCustomer_004" name="EditCustomer" time="19.194"/>
</testsuite> <!-- com.inetbanking.testCases.TC_EditCustomer_004 -->
