<?xml version="1.0" encoding="UTF-8"?>
<!-- Generated by org.testng.reporters.JUnitReportReporter -->
<testsuite hostname="DESKTOP-64CG2QQ" failures="0" tests="3" name="com.inetbanking.testCases.TC_AlertHandle" time="17.252" errors="0" timestamp="2023-08-04T02:02:24 CDT" skipped="0">
  <testcase classname="com.inetbanking.testCases.TC_AlertHandle" name="AlertWithOk" time="6.264"/>
  <testcase classname="com.inetbanking.testCases.TC_AlertHandle" name="AlertWithOkDismiss" time="5.411"/>
  <testcase classname="com.inetbanking.testCases.TC_AlertHandle" name="AlertWithOkCancel" time="5.577"/>
</testsuite> <!-- com.inetbanking.testCases.TC_AlertHandle -->
