<?xml version="1.0" encoding="UTF-8"?>
<!-- Generated by org.testng.reporters.JUnitReportReporter -->
<testsuite hostname="DESKTOP-64CG2QQ" failures="0" tests="1" name="com.inetbanking.testCases.TC_WindowHandler" time="7.871" errors="0" timestamp="2023-08-04T01:40:33 CDT" skipped="0">
  <testcase classname="com.inetbanking.testCases.TC_WindowHandler" name="WindowHandler" time="7.871"/>
</testsuite> <!-- com.inetbanking.testCases.TC_WindowHandler -->
