<?xml version="1.0" encoding="UTF-8"?>
<!-- Generated by org.testng.reporters.JUnitReportReporter -->
<testsuite hostname="DESKTOP-64CG2QQ" failures="0" tests="1" name="com.inetbanking.testCases.TC_LoginTest_001" time="5.093" errors="0" timestamp="2023-07-29T01:10:00 CDT" skipped="0">
  <testcase classname="com.inetbanking.testCases.TC_LoginTest_001" name="LoginTest" time="5.093"/>
  <system-out/>
</testsuite> <!-- com.inetbanking.testCases.TC_LoginTest_001 -->
